<?xml version="1.0" encoding="UTF-8" ?>
<testsuite tests="3" failures="0" name="com.mycompany.service.UserServiceImpTest" time="2.499" errors="0" skipped="0">
  <properties>
[...]
</properties>
  <testcase classname="com.mycompany.service.UserServiceImpTest" name="com.mycompany.service.UserServiceImpTest.testLogin1" time="2.488"/>
  <testcase classname="com.mycompany.service.UserServiceImpTest" name="com.mycompany.service.UserServiceImpTest.testLogin" time="0.003"/>
  <testcase classname="com.mycompany.service.UserServiceImpTest" name="com.mycompany.service.UserServiceImpTest.testRegUser" time="0.008"/>
</testsuite>